<?xml version="1.0" encoding="UTF-8"?>
<!-- Generated by org.testng.reporters.JUnitXMLReporter -->
<testsuite hostname="MININT-UM25UFB" ignored="0" name="Dollar Days Test" tests="14" failures="0" timestamp="2020-10-16T15:51:45 EDT" time="206.998" errors="0">
  <testcase name="@BeforeMethod setUpBrowser" time="13.84" classname="com.dollardays.testcases.BaseTest">
    <failure type="java.lang.Exception" message="Driver Not Found">
      <![CDATA[java.lang.Exception: Driver Not Found
at com.dollardays.testcases.BaseTest.openBrowser(BaseTest.java:95)
at com.dollardays.testcases.BaseTest.setUpBrowser(BaseTest.java:117)
at java.util.ArrayList.forEach(ArrayList.java:1259)
... Removed 31 stack frames]]>
    </failure>
  </testcase> <!-- @BeforeMethod setUpBrowser -->
  <testcase name="@AfterMethod quit" time="-1.602877771578E9" classname="com.dollardays.testcases.BaseTest">
    <skipped/>
  </testcase> <!-- @AfterMethod quit -->
  <testcase name="@BeforeMethod setUpBrowser" time="-1.602877771643E9" classname="com.dollardays.testcases.BaseTest">
    <skipped/>
  </testcase> <!-- @BeforeMethod setUpBrowser -->
  <testcase name="@AfterMethod quit" time="-1.602877771648E9" classname="com.dollardays.testcases.BaseTest">
    <skipped/>
  </testcase> <!-- @AfterMethod quit -->
  <testcase name="@AfterClass afterClass" time="-1.602877771651E9" classname="com.dollardays.testcases.MT">
    <skipped/>
  </testcase> <!-- @AfterClass afterClass -->
  <testcase name="tc_01_SignInPage_ValidUsername_Password" time="6.069" classname="com.dollardays.testcases.Team1LoginTestcase"/>
  <testcase name="tc_02_SignInPageValidUsername_EmptyPassword" time="4.68" classname="com.dollardays.testcases.Team1LoginTestcase"/>
  <testcase name="tc_03_SignInPageEmptyUsername_EmptyPassword" time="4.49" classname="com.dollardays.testcases.Team1LoginTestcase"/>
  <testcase name="tc_04_SignInPageInValidEmailAddressFormat" time="4.749" classname="com.dollardays.testcases.Team1LoginTestcase"/>
  <testcase name="tc_05_SignInPageValidEmailAddress_InvalidPassword" time="0.0" classname="com.dollardays.testcases.Team1LoginTestcase">
    <skipped/>
  </testcase> <!-- tc_05_SignInPageValidEmailAddress_InvalidPassword -->
  <testcase name="tc_SignInPage_Display_SignIn_Name" time="0.0" classname="com.dollardays.testcases.Team1LoginTestcase">
    <skipped/>
  </testcase> <!-- tc_SignInPage_Display_SignIn_Name -->
  <testcase name="createlogin" time="4.123" classname="com.dollardays.testcases.Team1CreateAccountTestCase"/>
  <testcase name="tc_06_CheckPageTitle" time="0.297" classname="com.dollardays.testcases.Team1HomePageTestcase"/>
  <testcase name="tc_verfiyCartLogo" time="0.396" classname="com.dollardays.testcases.Team1HomePageTestcase"/>
  <testcase name="tc_verfiyDdLogo" time="0.684" classname="com.dollardays.testcases.Team1HomePageTestcase"/>
  <testcase name="tc_verfiySignInList" time="1.765" classname="com.dollardays.testcases.Team1HomePageTestcase"/>
  <testcase name="tc_verfiySignInLogo" time="0.286" classname="com.dollardays.testcases.Team1HomePageTestcase"/>
  <testcase name="tc_verfiyWishList" time="5.048" classname="com.dollardays.testcases.Team1HomePageTestcase"/>
  <testcase name="tc_verfiyWishListLogo" time="5.999" classname="com.dollardays.testcases.Team1HomePageTestcase"/>
</testsuite> <!-- Dollar Days Test -->
