<?xml version="1.0" encoding="UTF-8"?>
<testng-results skipped="2" failed="0" ignored="0" total="14" passed="12">
  <reporter-output>
  </reporter-output>
  <suite name="Suite" duration-ms="206998" started-at="2020-10-16T15:48:18 EDT" finished-at="2020-10-16T15:51:45 EDT">
    <groups>
      <group name="sanity">
        <method signature="Team1HomePageTestcase.tc_verfiySignInList(java.util.Hashtable)[pri:0, instance:com.dollardays.testcases.Team1HomePageTestcase@6591f517]" name="tc_verfiySignInList" class="com.dollardays.testcases.Team1HomePageTestcase"/>
      </group> <!-- sanity -->
    </groups>
    <test name="Dollar Days Test" duration-ms="206998" started-at="2020-10-16T15:48:18 EDT" finished-at="2020-10-16T15:51:45 EDT">
      <class name="com.dollardays.testcases.Team1LoginTestcase">
        <test-method status="PASS" signature="beforeClass()[pri:0, instance:com.dollardays.testcases.Team1LoginTestcase@f0f2775]" name="beforeClass" is-config="true" duration-ms="10" started-at="2020-10-16T15:48:18 EDT" finished-at="2020-10-16T15:48:18 EDT">
          <reporter-output>
          </reporter-output>
        </test-method> <!-- beforeClass -->
        <test-method status="PASS" signature="setUpBrowser()[pri:0, instance:com.dollardays.testcases.Team1LoginTestcase@f0f2775]" name="setUpBrowser" is-config="true" duration-ms="9515" started-at="2020-10-16T15:48:19 EDT" finished-at="2020-10-16T15:48:29 EDT">
          <reporter-output>
          </reporter-output>
        </test-method> <!-- setUpBrowser -->
        <test-method status="PASS" signature="tc_01_SignInPage_ValidUsername_Password(java.util.Hashtable)[pri:0, instance:com.dollardays.testcases.Team1LoginTestcase@f0f2775]" name="tc_01_SignInPage_ValidUsername_Password" duration-ms="6069" started-at="2020-10-16T15:48:29 EDT" data-provider="dd-dataprovider" finished-at="2020-10-16T15:48:35 EDT">
          <params>
            <param index="0">
              <value>
                <![CDATA[{TestCase=valid Login data, SignInUser_Name=Testing A., Password=cGFzc3dvcmQxMjM=, Runmode=Yes, SheetName=Sheet1, UserName=srikanthtesting100@gmail.com, TCID=TC1, HomePage Title=}]]>
              </value>
            </param>
          </params>
          <reporter-output>
          </reporter-output>
        </test-method> <!-- tc_01_SignInPage_ValidUsername_Password -->
        <test-method status="PASS" signature="quit()[pri:0, instance:com.dollardays.testcases.Team1LoginTestcase@f0f2775]" name="quit" is-config="true" duration-ms="977" started-at="2020-10-16T15:48:35 EDT" finished-at="2020-10-16T15:48:36 EDT">
          <reporter-output>
          </reporter-output>
        </test-method> <!-- quit -->
        <test-method status="PASS" signature="setUpBrowser()[pri:0, instance:com.dollardays.testcases.Team1LoginTestcase@f0f2775]" name="setUpBrowser" is-config="true" duration-ms="8389" started-at="2020-10-16T15:48:36 EDT" finished-at="2020-10-16T15:48:44 EDT">
          <reporter-output>
          </reporter-output>
        </test-method> <!-- setUpBrowser -->
        <test-method status="PASS" signature="tc_02_SignInPageValidUsername_EmptyPassword(java.util.Hashtable)[pri:0, instance:com.dollardays.testcases.Team1LoginTestcase@f0f2775]" name="tc_02_SignInPageValidUsername_EmptyPassword" duration-ms="4680" started-at="2020-10-16T15:48:44 EDT" data-provider="dd-dataprovider" finished-at="2020-10-16T15:48:49 EDT">
          <params>
            <param index="0">
              <value>
                <![CDATA[{TestCase=valid email_id and empty password, SignInUser_Name=, Password=, Runmode=Yes, SheetName=Sheet1, UserName=srikanthtesting100@gmail.com, TCID=TC2, HomePage Title=}]]>
              </value>
            </param>
          </params>
          <reporter-output>
          </reporter-output>
        </test-method> <!-- tc_02_SignInPageValidUsername_EmptyPassword -->
        <test-method status="PASS" signature="quit()[pri:0, instance:com.dollardays.testcases.Team1LoginTestcase@f0f2775]" name="quit" is-config="true" duration-ms="861" started-at="2020-10-16T15:48:49 EDT" finished-at="2020-10-16T15:48:50 EDT">
          <reporter-output>
          </reporter-output>
        </test-method> <!-- quit -->
        <test-method status="PASS" signature="setUpBrowser()[pri:0, instance:com.dollardays.testcases.Team1LoginTestcase@f0f2775]" name="setUpBrowser" is-config="true" duration-ms="8135" started-at="2020-10-16T15:48:50 EDT" finished-at="2020-10-16T15:48:58 EDT">
          <reporter-output>
          </reporter-output>
        </test-method> <!-- setUpBrowser -->
        <test-method status="PASS" signature="tc_03_SignInPageEmptyUsername_EmptyPassword(java.util.Hashtable)[pri:0, instance:com.dollardays.testcases.Team1LoginTestcase@f0f2775]" name="tc_03_SignInPageEmptyUsername_EmptyPassword" duration-ms="4490" started-at="2020-10-16T15:48:58 EDT" data-provider="dd-dataprovider" finished-at="2020-10-16T15:49:02 EDT">
          <params>
            <param index="0">
              <value>
                <![CDATA[{TestCase=empty email_id and empty password, SignInUser_Name=, Password=, Runmode=yes, SheetName=Sheet1, UserName=, TCID=TC3, HomePage Title=}]]>
              </value>
            </param>
          </params>
          <reporter-output>
          </reporter-output>
        </test-method> <!-- tc_03_SignInPageEmptyUsername_EmptyPassword -->
        <test-method status="PASS" signature="quit()[pri:0, instance:com.dollardays.testcases.Team1LoginTestcase@f0f2775]" name="quit" is-config="true" duration-ms="862" started-at="2020-10-16T15:49:02 EDT" finished-at="2020-10-16T15:49:03 EDT">
          <reporter-output>
          </reporter-output>
        </test-method> <!-- quit -->
        <test-method status="PASS" signature="setUpBrowser()[pri:0, instance:com.dollardays.testcases.Team1LoginTestcase@f0f2775]" name="setUpBrowser" is-config="true" duration-ms="8398" started-at="2020-10-16T15:49:03 EDT" finished-at="2020-10-16T15:49:12 EDT">
          <reporter-output>
          </reporter-output>
        </test-method> <!-- setUpBrowser -->
        <test-method status="PASS" signature="tc_04_SignInPageInValidEmailAddressFormat(java.util.Hashtable)[pri:0, instance:com.dollardays.testcases.Team1LoginTestcase@f0f2775]" name="tc_04_SignInPageInValidEmailAddressFormat" duration-ms="4749" started-at="2020-10-16T15:49:12 EDT" data-provider="dd-dataprovider" finished-at="2020-10-16T15:49:16 EDT">
          <params>
            <param index="0">
              <value>
                <![CDATA[{TestCase=invalid Email address format, SignInUser_Name=, Password=cGFzc3dvcmQxMjM=, Runmode=yes, SheetName=Sheet1, UserName=srikanthtesting100gmail.com, TCID=TC4, HomePage Title=}]]>
              </value>
            </param>
          </params>
          <reporter-output>
          </reporter-output>
        </test-method> <!-- tc_04_SignInPageInValidEmailAddressFormat -->
        <test-method status="PASS" signature="quit()[pri:0, instance:com.dollardays.testcases.Team1LoginTestcase@f0f2775]" name="quit" is-config="true" duration-ms="905" started-at="2020-10-16T15:49:16 EDT" finished-at="2020-10-16T15:49:17 EDT">
          <reporter-output>
          </reporter-output>
        </test-method> <!-- quit -->
        <test-method status="FAIL" signature="setUpBrowser()[pri:0, instance:com.dollardays.testcases.Team1LoginTestcase@f0f2775]" name="setUpBrowser" is-config="true" duration-ms="13840" started-at="2020-10-16T15:49:17 EDT" finished-at="2020-10-16T15:49:31 EDT">
          <exception class="java.lang.Exception">
            <message>
              <![CDATA[Driver Not Found]]>
            </message>
            <full-stacktrace>
              <![CDATA[java.lang.Exception: Driver Not Found
at com.dollardays.testcases.BaseTest.openBrowser(BaseTest.java:95)
at com.dollardays.testcases.BaseTest.setUpBrowser(BaseTest.java:117)
at sun.reflect.NativeMethodAccessorImpl.invoke0(Native Method)
at sun.reflect.NativeMethodAccessorImpl.invoke(NativeMethodAccessorImpl.java:62)
at sun.reflect.DelegatingMethodAccessorImpl.invoke(DelegatingMethodAccessorImpl.java:43)
at java.lang.reflect.Method.invoke(Method.java:498)
at org.testng.internal.MethodInvocationHelper.invokeMethod(MethodInvocationHelper.java:132)
at org.testng.internal.MethodInvocationHelper.invokeMethodConsideringTimeout(MethodInvocationHelper.java:61)
at org.testng.internal.ConfigInvoker.invokeConfigurationMethod(ConfigInvoker.java:366)
at org.testng.internal.ConfigInvoker.invokeConfigurations(ConfigInvoker.java:320)
at org.testng.internal.TestInvoker.runConfigMethods(TestInvoker.java:701)
at org.testng.internal.TestInvoker.invokeMethod(TestInvoker.java:527)
at org.testng.internal.TestInvoker.invokeTestMethod(TestInvoker.java:174)
at org.testng.internal.MethodRunner.runInSequence(MethodRunner.java:46)
at org.testng.internal.TestInvoker$MethodInvocationAgent.invoke(TestInvoker.java:822)
at org.testng.internal.TestInvoker.invokeTestMethods(TestInvoker.java:147)
at org.testng.internal.TestMethodWorker.invokeTestMethods(TestMethodWorker.java:146)
at org.testng.internal.TestMethodWorker.run(TestMethodWorker.java:128)
at java.util.ArrayList.forEach(ArrayList.java:1259)
at org.testng.TestRunner.privateRun(TestRunner.java:764)
at org.testng.TestRunner.run(TestRunner.java:585)
at org.testng.SuiteRunner.runTest(SuiteRunner.java:384)
at org.testng.SuiteRunner.runSequentially(SuiteRunner.java:378)
at org.testng.SuiteRunner.privateRun(SuiteRunner.java:337)
at org.testng.SuiteRunner.run(SuiteRunner.java:286)
at org.testng.SuiteRunnerWorker.runSuite(SuiteRunnerWorker.java:53)
at org.testng.SuiteRunnerWorker.run(SuiteRunnerWorker.java:96)
at org.testng.TestNG.runSuitesSequentially(TestNG.java:1218)
at org.testng.TestNG.runSuitesLocally(TestNG.java:1140)
at org.testng.TestNG.runSuites(TestNG.java:1069)
at org.testng.TestNG.run(TestNG.java:1037)
at org.testng.remote.AbstractRemoteTestNG.run(AbstractRemoteTestNG.java:115)
at org.testng.remote.RemoteTestNG.initAndRun(RemoteTestNG.java:251)
at org.testng.remote.RemoteTestNG.main(RemoteTestNG.java:77)
]]>
            </full-stacktrace>
          </exception> <!-- java.lang.Exception -->
          <reporter-output>
          </reporter-output>
        </test-method> <!-- setUpBrowser -->
        <test-method status="SKIP" signature="tc_05_SignInPageValidEmailAddress_InvalidPassword(java.util.Hashtable)[pri:0, instance:com.dollardays.testcases.Team1LoginTestcase@f0f2775]" name="tc_05_SignInPageValidEmailAddress_InvalidPassword" duration-ms="0" started-at="2020-10-16T15:49:31 EDT" data-provider="dd-dataprovider" finished-at="2020-10-16T15:49:31 EDT">
          <params>
            <param index="0">
              <value>
                <![CDATA[{TestCase=valid email address and invalid password, SignInUser_Name=, Password=cGFzc3dvcmQxMjM0NQ==, Runmode=yes, SheetName=Sheet1, UserName=srikanthtesting100@gmail.com, TCID=TC5, HomePage Title=}]]>
              </value>
            </param>
          </params>
          <exception class="java.lang.Exception">
            <message>
              <![CDATA[Driver Not Found]]>
            </message>
            <full-stacktrace>
              <![CDATA[java.lang.Exception: Driver Not Found
at com.dollardays.testcases.BaseTest.openBrowser(BaseTest.java:95)
at com.dollardays.testcases.BaseTest.setUpBrowser(BaseTest.java:117)
at sun.reflect.NativeMethodAccessorImpl.invoke0(Native Method)
at sun.reflect.NativeMethodAccessorImpl.invoke(NativeMethodAccessorImpl.java:62)
at sun.reflect.DelegatingMethodAccessorImpl.invoke(DelegatingMethodAccessorImpl.java:43)
at java.lang.reflect.Method.invoke(Method.java:498)
at org.testng.internal.MethodInvocationHelper.invokeMethod(MethodInvocationHelper.java:132)
at org.testng.internal.MethodInvocationHelper.invokeMethodConsideringTimeout(MethodInvocationHelper.java:61)
at org.testng.internal.ConfigInvoker.invokeConfigurationMethod(ConfigInvoker.java:366)
at org.testng.internal.ConfigInvoker.invokeConfigurations(ConfigInvoker.java:320)
at org.testng.internal.TestInvoker.runConfigMethods(TestInvoker.java:701)
at org.testng.internal.TestInvoker.invokeMethod(TestInvoker.java:527)
at org.testng.internal.TestInvoker.invokeTestMethod(TestInvoker.java:174)
at org.testng.internal.MethodRunner.runInSequence(MethodRunner.java:46)
at org.testng.internal.TestInvoker$MethodInvocationAgent.invoke(TestInvoker.java:822)
at org.testng.internal.TestInvoker.invokeTestMethods(TestInvoker.java:147)
at org.testng.internal.TestMethodWorker.invokeTestMethods(TestMethodWorker.java:146)
at org.testng.internal.TestMethodWorker.run(TestMethodWorker.java:128)
at java.util.ArrayList.forEach(ArrayList.java:1259)
at org.testng.TestRunner.privateRun(TestRunner.java:764)
at org.testng.TestRunner.run(TestRunner.java:585)
at org.testng.SuiteRunner.runTest(SuiteRunner.java:384)
at org.testng.SuiteRunner.runSequentially(SuiteRunner.java:378)
at org.testng.SuiteRunner.privateRun(SuiteRunner.java:337)
at org.testng.SuiteRunner.run(SuiteRunner.java:286)
at org.testng.SuiteRunnerWorker.runSuite(SuiteRunnerWorker.java:53)
at org.testng.SuiteRunnerWorker.run(SuiteRunnerWorker.java:96)
at org.testng.TestNG.runSuitesSequentially(TestNG.java:1218)
at org.testng.TestNG.runSuitesLocally(TestNG.java:1140)
at org.testng.TestNG.runSuites(TestNG.java:1069)
at org.testng.TestNG.run(TestNG.java:1037)
at org.testng.remote.AbstractRemoteTestNG.run(AbstractRemoteTestNG.java:115)
at org.testng.remote.RemoteTestNG.initAndRun(RemoteTestNG.java:251)
at org.testng.remote.RemoteTestNG.main(RemoteTestNG.java:77)
]]>
            </full-stacktrace>
          </exception> <!-- java.lang.Exception -->
          <reporter-output>
          </reporter-output>
        </test-method> <!-- tc_05_SignInPageValidEmailAddress_InvalidPassword -->
        <test-method status="SKIP" signature="quit()[pri:0, instance:com.dollardays.testcases.Team1LoginTestcase@f0f2775]" name="quit" is-config="true" duration-ms="-1602877771578" started-at="2020-10-16T15:49:31 EDT" finished-at="1969-12-31T19:00:00 EST">
          <reporter-output>
          </reporter-output>
        </test-method> <!-- quit -->
        <test-method status="SKIP" signature="setUpBrowser()[pri:0, instance:com.dollardays.testcases.Team1LoginTestcase@f0f2775]" name="setUpBrowser" is-config="true" duration-ms="-1602877771643" started-at="2020-10-16T15:49:31 EDT" finished-at="1969-12-31T19:00:00 EST">
          <reporter-output>
          </reporter-output>
        </test-method> <!-- setUpBrowser -->
        <test-method status="SKIP" signature="tc_SignInPage_Display_SignIn_Name(java.util.Hashtable)[pri:0, instance:com.dollardays.testcases.Team1LoginTestcase@f0f2775]" name="tc_SignInPage_Display_SignIn_Name" duration-ms="0" started-at="2020-10-16T15:49:31 EDT" data-provider="dd-dataprovider" finished-at="2020-10-16T15:49:31 EDT">
          <params>
            <param index="0">
              <value>
                <![CDATA[{TestCase=valid Login data, SignInUser_Name=Testing A., Password=cGFzc3dvcmQxMjM=, Runmode=Yes, SheetName=Sheet1, UserName=srikanthtesting100@gmail.com, TCID=TC1, HomePage Title=}]]>
              </value>
            </param>
          </params>
          <exception class="java.lang.Exception">
            <message>
              <![CDATA[Driver Not Found]]>
            </message>
            <full-stacktrace>
              <![CDATA[java.lang.Exception: Driver Not Found
at com.dollardays.testcases.BaseTest.openBrowser(BaseTest.java:95)
at com.dollardays.testcases.BaseTest.setUpBrowser(BaseTest.java:117)
at sun.reflect.NativeMethodAccessorImpl.invoke0(Native Method)
at sun.reflect.NativeMethodAccessorImpl.invoke(NativeMethodAccessorImpl.java:62)
at sun.reflect.DelegatingMethodAccessorImpl.invoke(DelegatingMethodAccessorImpl.java:43)
at java.lang.reflect.Method.invoke(Method.java:498)
at org.testng.internal.MethodInvocationHelper.invokeMethod(MethodInvocationHelper.java:132)
at org.testng.internal.MethodInvocationHelper.invokeMethodConsideringTimeout(MethodInvocationHelper.java:61)
at org.testng.internal.ConfigInvoker.invokeConfigurationMethod(ConfigInvoker.java:366)
at org.testng.internal.ConfigInvoker.invokeConfigurations(ConfigInvoker.java:320)
at org.testng.internal.TestInvoker.runConfigMethods(TestInvoker.java:701)
at org.testng.internal.TestInvoker.invokeMethod(TestInvoker.java:527)
at org.testng.internal.TestInvoker.invokeTestMethod(TestInvoker.java:174)
at org.testng.internal.MethodRunner.runInSequence(MethodRunner.java:46)
at org.testng.internal.TestInvoker$MethodInvocationAgent.invoke(TestInvoker.java:822)
at org.testng.internal.TestInvoker.invokeTestMethods(TestInvoker.java:147)
at org.testng.internal.TestMethodWorker.invokeTestMethods(TestMethodWorker.java:146)
at org.testng.internal.TestMethodWorker.run(TestMethodWorker.java:128)
at java.util.ArrayList.forEach(ArrayList.java:1259)
at org.testng.TestRunner.privateRun(TestRunner.java:764)
at org.testng.TestRunner.run(TestRunner.java:585)
at org.testng.SuiteRunner.runTest(SuiteRunner.java:384)
at org.testng.SuiteRunner.runSequentially(SuiteRunner.java:378)
at org.testng.SuiteRunner.privateRun(SuiteRunner.java:337)
at org.testng.SuiteRunner.run(SuiteRunner.java:286)
at org.testng.SuiteRunnerWorker.runSuite(SuiteRunnerWorker.java:53)
at org.testng.SuiteRunnerWorker.run(SuiteRunnerWorker.java:96)
at org.testng.TestNG.runSuitesSequentially(TestNG.java:1218)
at org.testng.TestNG.runSuitesLocally(TestNG.java:1140)
at org.testng.TestNG.runSuites(TestNG.java:1069)
at org.testng.TestNG.run(TestNG.java:1037)
at org.testng.remote.AbstractRemoteTestNG.run(AbstractRemoteTestNG.java:115)
at org.testng.remote.RemoteTestNG.initAndRun(RemoteTestNG.java:251)
at org.testng.remote.RemoteTestNG.main(RemoteTestNG.java:77)
]]>
            </full-stacktrace>
          </exception> <!-- java.lang.Exception -->
          <reporter-output>
          </reporter-output>
        </test-method> <!-- tc_SignInPage_Display_SignIn_Name -->
        <test-method status="SKIP" signature="quit()[pri:0, instance:com.dollardays.testcases.Team1LoginTestcase@f0f2775]" name="quit" is-config="true" duration-ms="-1602877771648" started-at="2020-10-16T15:49:31 EDT" finished-at="1969-12-31T19:00:00 EST">
          <reporter-output>
          </reporter-output>
        </test-method> <!-- quit -->
        <test-method status="SKIP" signature="afterClass()[pri:0, instance:com.dollardays.testcases.Team1LoginTestcase@f0f2775]" name="afterClass" is-config="true" duration-ms="-1602877771651" started-at="2020-10-16T15:49:31 EDT" finished-at="1969-12-31T19:00:00 EST">
          <reporter-output>
          </reporter-output>
        </test-method> <!-- afterClass -->
      </class> <!-- com.dollardays.testcases.Team1LoginTestcase -->
      <class name="com.dollardays.testcases.Team1HomePageTestcase">
        <test-method status="PASS" signature="beforeClass()[pri:0, instance:com.dollardays.testcases.Team1HomePageTestcase@6591f517]" name="beforeClass" is-config="true" duration-ms="0" started-at="2020-10-16T15:49:45 EDT" finished-at="2020-10-16T15:49:45 EDT">
          <reporter-output>
          </reporter-output>
        </test-method> <!-- beforeClass -->
        <test-method status="PASS" signature="setUpBrowser()[pri:0, instance:com.dollardays.testcases.Team1HomePageTestcase@6591f517]" name="setUpBrowser" is-config="true" duration-ms="8458" started-at="2020-10-16T15:49:45 EDT" finished-at="2020-10-16T15:49:53 EDT">
          <reporter-output>
          </reporter-output>
        </test-method> <!-- setUpBrowser -->
        <test-method status="PASS" signature="tc_06_CheckPageTitle(java.util.Hashtable)[pri:0, instance:com.dollardays.testcases.Team1HomePageTestcase@6591f517]" name="tc_06_CheckPageTitle" duration-ms="297" started-at="2020-10-16T15:49:53 EDT" data-provider="dd-dataprovider" finished-at="2020-10-16T15:49:53 EDT">
          <params>
            <param index="0">
              <value>
                <![CDATA[{TestCase=verify home page title, SignInList=, SheetName=Sheet2, HomePageTitle=DollarDays | Bulk Goods for Nonprofits, Businesses & Schools | Wholesale Products, TCID=TC6, WishList=}]]>
              </value>
            </param>
          </params>
          <reporter-output>
          </reporter-output>
        </test-method> <!-- tc_06_CheckPageTitle -->
        <test-method status="PASS" signature="quit()[pri:0, instance:com.dollardays.testcases.Team1HomePageTestcase@6591f517]" name="quit" is-config="true" duration-ms="891" started-at="2020-10-16T15:49:53 EDT" finished-at="2020-10-16T15:49:54 EDT">
          <reporter-output>
          </reporter-output>
        </test-method> <!-- quit -->
        <test-method status="PASS" signature="setUpBrowser()[pri:0, instance:com.dollardays.testcases.Team1HomePageTestcase@6591f517]" name="setUpBrowser" is-config="true" duration-ms="7959" started-at="2020-10-16T15:49:54 EDT" finished-at="2020-10-16T15:50:02 EDT">
          <reporter-output>
          </reporter-output>
        </test-method> <!-- setUpBrowser -->
        <test-method status="PASS" signature="tc_verfiyCartLogo()[pri:0, instance:com.dollardays.testcases.Team1HomePageTestcase@6591f517]" name="tc_verfiyCartLogo" duration-ms="396" started-at="2020-10-16T15:50:02 EDT" finished-at="2020-10-16T15:50:03 EDT">
          <reporter-output>
          </reporter-output>
        </test-method> <!-- tc_verfiyCartLogo -->
        <test-method status="PASS" signature="quit()[pri:0, instance:com.dollardays.testcases.Team1HomePageTestcase@6591f517]" name="quit" is-config="true" duration-ms="1474" started-at="2020-10-16T15:50:03 EDT" finished-at="2020-10-16T15:50:04 EDT">
          <reporter-output>
          </reporter-output>
        </test-method> <!-- quit -->
        <test-method status="PASS" signature="setUpBrowser()[pri:0, instance:com.dollardays.testcases.Team1HomePageTestcase@6591f517]" name="setUpBrowser" is-config="true" duration-ms="9000" started-at="2020-10-16T15:50:04 EDT" finished-at="2020-10-16T15:50:13 EDT">
          <reporter-output>
          </reporter-output>
        </test-method> <!-- setUpBrowser -->
        <test-method status="PASS" signature="tc_verfiyDdLogo()[pri:0, instance:com.dollardays.testcases.Team1HomePageTestcase@6591f517]" name="tc_verfiyDdLogo" duration-ms="684" started-at="2020-10-16T15:50:13 EDT" finished-at="2020-10-16T15:50:14 EDT">
          <reporter-output>
          </reporter-output>
        </test-method> <!-- tc_verfiyDdLogo -->
        <test-method status="PASS" signature="quit()[pri:0, instance:com.dollardays.testcases.Team1HomePageTestcase@6591f517]" name="quit" is-config="true" duration-ms="1726" started-at="2020-10-16T15:50:14 EDT" finished-at="2020-10-16T15:50:16 EDT">
          <reporter-output>
          </reporter-output>
        </test-method> <!-- quit -->
        <test-method status="PASS" signature="setUpBrowser()[pri:0, instance:com.dollardays.testcases.Team1HomePageTestcase@6591f517]" name="setUpBrowser" is-config="true" duration-ms="11334" started-at="2020-10-16T15:50:16 EDT" finished-at="2020-10-16T15:50:27 EDT">
          <reporter-output>
          </reporter-output>
        </test-method> <!-- setUpBrowser -->
        <test-method status="PASS" signature="tc_verfiySignInList(java.util.Hashtable)[pri:0, instance:com.dollardays.testcases.Team1HomePageTestcase@6591f517]" name="tc_verfiySignInList" duration-ms="1765" started-at="2020-10-16T15:50:27 EDT" data-provider="dd-dataprovider" finished-at="2020-10-16T15:50:29 EDT">
          <params>
            <param index="0">
              <value>
                <![CDATA[{TestCase=verfiy signin list on homepage, SignInList=Welcome!,Sign In,Create account,Help, SheetName=Sheet2, HomePageTitle=, TCID=TC11, WishList=}]]>
              </value>
            </param>
          </params>
          <reporter-output>
          </reporter-output>
        </test-method> <!-- tc_verfiySignInList -->
        <test-method status="PASS" signature="quit()[pri:0, instance:com.dollardays.testcases.Team1HomePageTestcase@6591f517]" name="quit" is-config="true" duration-ms="2063" started-at="2020-10-16T15:50:29 EDT" finished-at="2020-10-16T15:50:31 EDT">
          <reporter-output>
          </reporter-output>
        </test-method> <!-- quit -->
        <test-method status="PASS" signature="setUpBrowser()[pri:0, instance:com.dollardays.testcases.Team1HomePageTestcase@6591f517]" name="setUpBrowser" is-config="true" duration-ms="12633" started-at="2020-10-16T15:50:31 EDT" finished-at="2020-10-16T15:50:44 EDT">
          <reporter-output>
          </reporter-output>
        </test-method> <!-- setUpBrowser -->
        <test-method status="PASS" signature="tc_verfiySignInLogo()[pri:0, instance:com.dollardays.testcases.Team1HomePageTestcase@6591f517]" name="tc_verfiySignInLogo" duration-ms="286" started-at="2020-10-16T15:50:44 EDT" finished-at="2020-10-16T15:50:44 EDT">
          <reporter-output>
          </reporter-output>
        </test-method> <!-- tc_verfiySignInLogo -->
        <test-method status="PASS" signature="quit()[pri:0, instance:com.dollardays.testcases.Team1HomePageTestcase@6591f517]" name="quit" is-config="true" duration-ms="2480" started-at="2020-10-16T15:50:44 EDT" finished-at="2020-10-16T15:50:46 EDT">
          <reporter-output>
          </reporter-output>
        </test-method> <!-- quit -->
        <test-method status="PASS" signature="setUpBrowser()[pri:0, instance:com.dollardays.testcases.Team1HomePageTestcase@6591f517]" name="setUpBrowser" is-config="true" duration-ms="14570" started-at="2020-10-16T15:50:46 EDT" finished-at="2020-10-16T15:51:01 EDT">
          <reporter-output>
          </reporter-output>
        </test-method> <!-- setUpBrowser -->
        <test-method status="PASS" signature="tc_verfiyWishList(java.util.Hashtable)[pri:0, instance:com.dollardays.testcases.Team1HomePageTestcase@6591f517]" name="tc_verfiyWishList" duration-ms="5048" started-at="2020-10-16T15:51:01 EDT" data-provider="dd-dataprovider" finished-at="2020-10-16T15:51:06 EDT">
          <params>
            <param index="0">
              <value>
                <![CDATA[{TestCase=vefify wish list on homepage, SignInList=, SheetName=Sheet2, HomePageTitle=, TCID=TC12, WishList=Wishlist,Learn More,Create a Wishlist,Donate Today}]]>
              </value>
            </param>
          </params>
          <reporter-output>
          </reporter-output>
        </test-method> <!-- tc_verfiyWishList -->
        <test-method status="PASS" signature="quit()[pri:0, instance:com.dollardays.testcases.Team1HomePageTestcase@6591f517]" name="quit" is-config="true" duration-ms="2642" started-at="2020-10-16T15:51:06 EDT" finished-at="2020-10-16T15:51:09 EDT">
          <reporter-output>
          </reporter-output>
        </test-method> <!-- quit -->
        <test-method status="PASS" signature="setUpBrowser()[pri:0, instance:com.dollardays.testcases.Team1HomePageTestcase@6591f517]" name="setUpBrowser" is-config="true" duration-ms="18982" started-at="2020-10-16T15:51:09 EDT" finished-at="2020-10-16T15:51:28 EDT">
          <reporter-output>
          </reporter-output>
        </test-method> <!-- setUpBrowser -->
        <test-method status="PASS" signature="tc_verfiyWishListLogo()[pri:0, instance:com.dollardays.testcases.Team1HomePageTestcase@6591f517]" name="tc_verfiyWishListLogo" duration-ms="5999" started-at="2020-10-16T15:51:28 EDT" finished-at="2020-10-16T15:51:34 EDT">
          <reporter-output>
          </reporter-output>
        </test-method> <!-- tc_verfiyWishListLogo -->
        <test-method status="PASS" signature="quit()[pri:0, instance:com.dollardays.testcases.Team1HomePageTestcase@6591f517]" name="quit" is-config="true" duration-ms="11729" started-at="2020-10-16T15:51:34 EDT" finished-at="2020-10-16T15:51:45 EDT">
          <reporter-output>
          </reporter-output>
        </test-method> <!-- quit -->
        <test-method status="PASS" signature="afterClass()[pri:0, instance:com.dollardays.testcases.Team1HomePageTestcase@6591f517]" name="afterClass" is-config="true" duration-ms="0" started-at="2020-10-16T15:51:45 EDT" finished-at="2020-10-16T15:51:45 EDT">
          <reporter-output>
          </reporter-output>
        </test-method> <!-- afterClass -->
      </class> <!-- com.dollardays.testcases.Team1HomePageTestcase -->
      <class name="com.dollardays.testcases.Team1CreateAccountTestCase">
        <test-method status="PASS" signature="beforeClass()[pri:0, instance:com.dollardays.testcases.Team1CreateAccountTestCase@5a4aa2f2]" name="beforeClass" is-config="true" duration-ms="2" started-at="2020-10-16T15:49:31 EDT" finished-at="2020-10-16T15:49:31 EDT">
          <reporter-output>
          </reporter-output>
        </test-method> <!-- beforeClass -->
        <test-method status="PASS" signature="setUpBrowser()[pri:0, instance:com.dollardays.testcases.Team1CreateAccountTestCase@5a4aa2f2]" name="setUpBrowser" is-config="true" duration-ms="8466" started-at="2020-10-16T15:49:31 EDT" finished-at="2020-10-16T15:49:40 EDT">
          <reporter-output>
          </reporter-output>
        </test-method> <!-- setUpBrowser -->
        <test-method status="PASS" signature="createlogin(java.util.Hashtable)[pri:0, instance:com.dollardays.testcases.Team1CreateAccountTestCase@5a4aa2f2]" name="createlogin" duration-ms="4123" started-at="2020-10-16T15:49:40 EDT" data-provider="dd-dataprovider" finished-at="2020-10-16T15:49:44 EDT">
          <params>
            <param index="0">
              <value>
                <![CDATA[{ConfPassword=shilpa123, TestCase= Create Account, TCID=TC1, SheetName=Sheet3, Runmode=yes, Email=shilpa.neeraj@gmail.com, Lname=Mishra, Password=shilpa123, Phno=9.8065654354E10, Fname=Shilpa}]]>
              </value>
            </param>
          </params>
          <reporter-output>
          </reporter-output>
        </test-method> <!-- createlogin -->
        <test-method status="PASS" signature="quit()[pri:0, instance:com.dollardays.testcases.Team1CreateAccountTestCase@5a4aa2f2]" name="quit" is-config="true" duration-ms="883" started-at="2020-10-16T15:49:44 EDT" finished-at="2020-10-16T15:49:45 EDT">
          <reporter-output>
          </reporter-output>
        </test-method> <!-- quit -->
        <test-method status="PASS" signature="afterClass()[pri:0, instance:com.dollardays.testcases.Team1CreateAccountTestCase@5a4aa2f2]" name="afterClass" is-config="true" duration-ms="0" started-at="2020-10-16T15:49:45 EDT" finished-at="2020-10-16T15:49:45 EDT">
          <reporter-output>
          </reporter-output>
        </test-method> <!-- afterClass -->
      </class> <!-- com.dollardays.testcases.Team1CreateAccountTestCase -->
    </test> <!-- Dollar Days Test -->
  </suite> <!-- Suite -->
</testng-results>
